<?xml version="1.0" encoding="UTF-8"?>
<testng-results ignored="1" total="2" passed="0" failed="1" skipped="0">
  <reporter-output>
  </reporter-output>
  <suite started-at="2024-09-27T20:10:43 IST" name="Default suite" finished-at="2024-09-27T20:10:50 IST" duration-ms="6418">
    <groups>
    </groups>
    <test started-at="2024-09-27T20:10:43 IST" name="Default test" finished-at="2024-09-27T20:10:50 IST" duration-ms="6418">
      <class name="com.ninza.hrm.api.projecttest.ProjectTest">
        <test-method is-config="true" signature="configBS()[pri:0, instance:com.ninza.hrm.api.projecttest.ProjectTest@489115ef]" started-at="2024-09-27T20:10:41 IST" name="configBS" finished-at="2024-09-27T20:10:43 IST" duration-ms="1984" status="PASS">
          <reporter-output>
          </reporter-output>
        </test-method> <!-- configBS -->
        <test-method signature="addSingleProjectWithCreatedStatusTest()[pri:0, instance:com.ninza.hrm.api.projecttest.ProjectTest@489115ef]" started-at="2024-09-27T20:10:43 IST" name="addSingleProjectWithCreatedStatusTest" finished-at="2024-09-27T20:10:50 IST" duration-ms="6300" status="FAIL">
          <exception class="java.sql.SQLException">
            <message>
              <![CDATA[No suitable driver found for "jdbc:mysql://106.51.90.215:3333/Projects";]]>
            </message>
            <full-stacktrace>
              <![CDATA[java.sql.SQLException: No suitable driver found for "jdbc:mysql://106.51.90.215:3333/Projects";
at java.sql/java.sql.DriverManager.getConnection(DriverManager.java:708)
at java.sql/java.sql.DriverManager.getConnection(DriverManager.java:230)
at com.ninza.hrm.genericutility.DatabaseUtility.executeQueryVerifyAndGetData(DatabaseUtility.java:57)
at com.ninza.hrm.api.projecttest.ProjectTest.addSingleProjectWithCreatedStatusTest(ProjectTest.java:65)
at java.base/jdk.internal.reflect.DirectMethodHandleAccessor.invoke(DirectMethodHandleAccessor.java:103)
at java.base/java.lang.reflect.Method.invoke(Method.java:580)
at org.testng.internal.invokers.MethodInvocationHelper.invokeMethod(MethodInvocationHelper.java:139)
at org.testng.internal.invokers.TestInvoker.invokeMethod(TestInvoker.java:677)
at org.testng.internal.invokers.TestInvoker.invokeTestMethod(TestInvoker.java:221)
at org.testng.internal.invokers.MethodRunner.runInSequence(MethodRunner.java:50)
at org.testng.internal.invokers.TestInvoker$MethodInvocationAgent.invoke(TestInvoker.java:969)
at org.testng.internal.invokers.TestInvoker.invokeTestMethods(TestInvoker.java:194)
at org.testng.internal.invokers.TestMethodWorker.invokeTestMethods(TestMethodWorker.java:148)
at org.testng.internal.invokers.TestMethodWorker.run(TestMethodWorker.java:128)
at java.base/java.util.ArrayList.forEach(ArrayList.java:1596)
at org.testng.TestRunner.privateRun(TestRunner.java:829)
at org.testng.TestRunner.run(TestRunner.java:602)
at org.testng.SuiteRunner.runTest(SuiteRunner.java:437)
at org.testng.SuiteRunner.runSequentially(SuiteRunner.java:431)
at org.testng.SuiteRunner.privateRun(SuiteRunner.java:391)
at org.testng.SuiteRunner.run(SuiteRunner.java:330)
at org.testng.SuiteRunnerWorker.runSuite(SuiteRunnerWorker.java:52)
at org.testng.SuiteRunnerWorker.run(SuiteRunnerWorker.java:95)
at org.testng.TestNG.runSuitesSequentially(TestNG.java:1256)
at org.testng.TestNG.runSuitesLocally(TestNG.java:1176)
at org.testng.TestNG.runSuites(TestNG.java:1099)
at org.testng.TestNG.run(TestNG.java:1067)
at org.testng.remote.AbstractRemoteTestNG.run(AbstractRemoteTestNG.java:115)
at org.testng.remote.RemoteTestNG.initAndRun(RemoteTestNG.java:293)
at org.testng.remote.RemoteTestNG.main(RemoteTestNG.java:91)
]]>
            </full-stacktrace>
          </exception> <!-- java.sql.SQLException -->
          <reporter-output>
          </reporter-output>
        </test-method> <!-- addSingleProjectWithCreatedStatusTest -->
        <test-method is-config="true" signature="configAS()[pri:0, instance:com.ninza.hrm.api.projecttest.ProjectTest@489115ef]" started-at="2024-09-27T20:10:50 IST" name="configAS" finished-at="2024-09-27T20:10:50 IST" duration-ms="15" status="PASS">
          <reporter-output>
          </reporter-output>
        </test-method> <!-- configAS -->
      </class> <!-- com.ninza.hrm.api.projecttest.ProjectTest -->
    </test> <!-- Default test -->
  </suite> <!-- Default suite -->
</testng-results>
