<?xml version="1.0" encoding="UTF-8"?>
<!-- Generated by org.testng.reporters.JUnitXMLReporter -->
<testsuite ignored="2" hostname="Rohit" failures="0" tests="4" name="Test" time="10.105" errors="0" timestamp="2024-09-21T18:51:12 IST">
  <testcase classname="com.ninza.hrm.api.projecttest.ProjectTest" name="addSingleProjectWithCreatedStatusTest" time="7.424"/>
  <testcase classname="com.ninza.hrm.api.projecttest.ProjectTest" name="createDuplicateProjectTest" time="0.505"/>
  <testcase classname="com.ninza.hrm.api.employeetest.EmployeeTest" name="addEmployeeTest" time="1.315"/>
  <testcase classname="com.ninza.hrm.api.employeetest.EmployeeTest" name="addEmployeeWithoutEmailTest" time="0.469"/>
  <testcase classname="com.ninza.hrm.api.baseclass.BaseAPIClass" name="@BeforeSuite configBS" time="0.0">
    <ignored/>
  </testcase> <!-- @BeforeSuite configBS -->
  <testcase classname="com.ninza.hrm.api.baseclass.BaseAPIClass" name="@AfterSuite configAS" time="0.0">
    <ignored/>
  </testcase> <!-- @AfterSuite configAS -->
</testsuite> <!-- Test -->
